Change Component Parameter Description in U? Old=Undefined or Miscellaneous New=Undefined or Miscellaneous
Change Component Parameter Description in U? Old=Undefined or Miscellaneous New=Undefined or Miscellaneous
Change Component Parameter Description in U? Old=Undefined or Miscellaneous New=Undefined or Miscellaneous
Change Component Parameter Description in U? Old=Undefined or Miscellaneous New=Undefined or Miscellaneous
Change Component Parameter Description in U? Old=Undefined or Miscellaneous New=Undefined or Miscellaneous
Change Component Parameter Description in U? Old=Undefined or Miscellaneous New=Undefined or Miscellaneous
Replace Symbol from C1 C in D:\Projects\Xilinx Debugger\Debugger.SchDoc with C from 0.1 - 电阻-电容-电感-晶振-晶体-磁珠-电位器-法拉电容-馈通电容.SchLib
Replace Symbol from C2 C in D:\Projects\Xilinx Debugger\Debugger.SchDoc with C from 0.1 - 电阻-电容-电感-晶振-晶体-磁珠-电位器-法拉电容-馈通电容.SchLib
Replace Symbol from C3 C in D:\Projects\Xilinx Debugger\Debugger.SchDoc with C from 0.1 - 电阻-电容-电感-晶振-晶体-磁珠-电位器-法拉电容-馈通电容.SchLib
Replace Symbol from C4 C in D:\Projects\Xilinx Debugger\Debugger.SchDoc with C from 0.1 - 电阻-电容-电感-晶振-晶体-磁珠-电位器-法拉电容-馈通电容.SchLib
Replace Symbol from C5 C in D:\Projects\Xilinx Debugger\Debugger.SchDoc with C from 0.1 - 电阻-电容-电感-晶振-晶体-磁珠-电位器-法拉电容-馈通电容.SchLib
Replace Symbol from C6 C in D:\Projects\Xilinx Debugger\Debugger.SchDoc with C from 0.1 - 电阻-电容-电感-晶振-晶体-磁珠-电位器-法拉电容-馈通电容.SchLib
Replace Symbol from C25 C in D:\Projects\Xilinx Debugger\Debugger.SchDoc with C from 0.1 - 电阻-电容-电感-晶振-晶体-磁珠-电位器-法拉电容-馈通电容.SchLib
Replace Symbol from C26 C in D:\Projects\Xilinx Debugger\Debugger.SchDoc with C from 0.1 - 电阻-电容-电感-晶振-晶体-磁珠-电位器-法拉电容-馈通电容.SchLib
Replace Symbol from C27 C in D:\Projects\Xilinx Debugger\Debugger.SchDoc with C from 0.1 - 电阻-电容-电感-晶振-晶体-磁珠-电位器-法拉电容-馈通电容.SchLib
Replace Symbol from C28 C in D:\Projects\Xilinx Debugger\Debugger.SchDoc with C from 0.1 - 电阻-电容-电感-晶振-晶体-磁珠-电位器-法拉电容-馈通电容.SchLib
Replace Symbol from C29 C in D:\Projects\Xilinx Debugger\Debugger.SchDoc with C from 0.1 - 电阻-电容-电感-晶振-晶体-磁珠-电位器-法拉电容-馈通电容.SchLib
Replace Symbol from C33 C in D:\Projects\Xilinx Debugger\Debugger.SchDoc with C from 0.1 - 电阻-电容-电感-晶振-晶体-磁珠-电位器-法拉电容-馈通电容.SchLib
Replace Symbol from C35 C in D:\Projects\Xilinx Debugger\Debugger.SchDoc with C from 0.1 - 电阻-电容-电感-晶振-晶体-磁珠-电位器-法拉电容-馈通电容.SchLib
Replace Symbol from C36 C in D:\Projects\Xilinx Debugger\Debugger.SchDoc with C from 0.1 - 电阻-电容-电感-晶振-晶体-磁珠-电位器-法拉电容-馈通电容.SchLib
Replace Symbol from C37 C in D:\Projects\Xilinx Debugger\Debugger.SchDoc with C from 0.1 - 电阻-电容-电感-晶振-晶体-磁珠-电位器-法拉电容-馈通电容.SchLib
Replace Symbol from C38 C in D:\Projects\Xilinx Debugger\Debugger.SchDoc with C from 0.1 - 电阻-电容-电感-晶振-晶体-磁珠-电位器-法拉电容-馈通电容.SchLib
Replace Symbol from C39 C in D:\Projects\Xilinx Debugger\Debugger.SchDoc with C from 0.1 - 电阻-电容-电感-晶振-晶体-磁珠-电位器-法拉电容-馈通电容.SchLib
Replace Symbol from C40 C in D:\Projects\Xilinx Debugger\Debugger.SchDoc with C from 0.1 - 电阻-电容-电感-晶振-晶体-磁珠-电位器-法拉电容-馈通电容.SchLib
Replace Symbol from C41 C in D:\Projects\Xilinx Debugger\Debugger.SchDoc with C from 0.1 - 电阻-电容-电感-晶振-晶体-磁珠-电位器-法拉电容-馈通电容.SchLib
Replace Symbol from C42 C in D:\Projects\Xilinx Debugger\Debugger.SchDoc with C from 0.1 - 电阻-电容-电感-晶振-晶体-磁珠-电位器-法拉电容-馈通电容.SchLib
Replace Symbol from C? C in D:\Projects\Xilinx Debugger\Debugger.SchDoc with C from 0.1 - 电阻-电容-电感-晶振-晶体-磁珠-电位器-法拉电容-馈通电容.SchLib
Replace Symbol from D? TVS in D:\Projects\Xilinx Debugger\Debugger.SchDoc with TVS from 0.2 - 二极管-TVS-ESD-整流桥-放电管.SchLib
Replace Symbol from D? TVS in D:\Projects\Xilinx Debugger\Debugger.SchDoc with TVS from 0.2 - 二极管-TVS-ESD-整流桥-放电管.SchLib
Replace Symbol from D? TVS in D:\Projects\Xilinx Debugger\Debugger.SchDoc with TVS from 0.2 - 二极管-TVS-ESD-整流桥-放电管.SchLib
Replace Symbol from D? TVS in D:\Projects\Xilinx Debugger\Debugger.SchDoc with TVS from 0.2 - 二极管-TVS-ESD-整流桥-放电管.SchLib
Replace Symbol from D? TVS in D:\Projects\Xilinx Debugger\Debugger.SchDoc with TVS from 0.2 - 二极管-TVS-ESD-整流桥-放电管.SchLib
Replace Symbol from D? TVS in D:\Projects\Xilinx Debugger\Debugger.SchDoc with TVS from 0.2 - 二极管-TVS-ESD-整流桥-放电管.SchLib
Replace Symbol from IC3 93C46 in D:\Projects\Xilinx Debugger\Debugger.SchDoc with 93C46 from 0.8 - 常见芯片.SchLib
Replace Symbol from JP? Header 7X2 in D:\Projects\Xilinx Debugger\Debugger.SchDoc with Header 7X2 from 5.5 - 2.54mm连接器(KF2EDGK_XH2.54_2.54排针排母).SchLib
Replace Symbol from LED1 LED-SMD in D:\Projects\Xilinx Debugger\Debugger.SchDoc with LED-SMD from 0.3 - LED发光二极管-IR二极管_接收管-光耦.SchLib
Replace Symbol from R1 R in D:\Projects\Xilinx Debugger\Debugger.SchDoc with R from 0.1 - 电阻-电容-电感-晶振-晶体-磁珠-电位器-法拉电容-馈通电容.SchLib
Replace Symbol from R2 R in D:\Projects\Xilinx Debugger\Debugger.SchDoc with R from 0.1 - 电阻-电容-电感-晶振-晶体-磁珠-电位器-法拉电容-馈通电容.SchLib
Replace Symbol from R8 R in D:\Projects\Xilinx Debugger\Debugger.SchDoc with R from 0.1 - 电阻-电容-电感-晶振-晶体-磁珠-电位器-法拉电容-馈通电容.SchLib
Replace Symbol from R9 R in D:\Projects\Xilinx Debugger\Debugger.SchDoc with R from 0.1 - 电阻-电容-电感-晶振-晶体-磁珠-电位器-法拉电容-馈通电容.SchLib
Replace Symbol from R10 R in D:\Projects\Xilinx Debugger\Debugger.SchDoc with R from 0.1 - 电阻-电容-电感-晶振-晶体-磁珠-电位器-法拉电容-馈通电容.SchLib
Replace Symbol from R11 R in D:\Projects\Xilinx Debugger\Debugger.SchDoc with R from 0.1 - 电阻-电容-电感-晶振-晶体-磁珠-电位器-法拉电容-馈通电容.SchLib
Replace Symbol from R12 R in D:\Projects\Xilinx Debugger\Debugger.SchDoc with R from 0.1 - 电阻-电容-电感-晶振-晶体-磁珠-电位器-法拉电容-馈通电容.SchLib
Replace Symbol from R13 R in D:\Projects\Xilinx Debugger\Debugger.SchDoc with R from 0.1 - 电阻-电容-电感-晶振-晶体-磁珠-电位器-法拉电容-馈通电容.SchLib
Replace Symbol from R14 R in D:\Projects\Xilinx Debugger\Debugger.SchDoc with R from 0.1 - 电阻-电容-电感-晶振-晶体-磁珠-电位器-法拉电容-馈通电容.SchLib
Replace Symbol from R15 R in D:\Projects\Xilinx Debugger\Debugger.SchDoc with R from 0.1 - 电阻-电容-电感-晶振-晶体-磁珠-电位器-法拉电容-馈通电容.SchLib
Replace Symbol from U1 RT9193-30GB in D:\Projects\Xilinx Debugger\Debugger.SchDoc with RT9193-30GB from 0.7 - 电源类芯片.SchLib
Replace Symbol from U3 COM-UART-FT2232H-LQFP64 in D:\Projects\Xilinx Debugger\Debugger.SchDoc with COM-UART-FT2232H-LQFP64 from Altium Content Vault
Replace Symbol from U? 74LVC1T45DW-7 in D:\Projects\Xilinx Debugger\Debugger.SchDoc with 74LVC1T45DW-7 from SamacSys.SchLib
Replace Symbol from U? 74LVC1T45DW-7 in D:\Projects\Xilinx Debugger\Debugger.SchDoc with 74LVC1T45DW-7 from SamacSys.SchLib
Replace Symbol from U? 74LVC1T45DW-7 in D:\Projects\Xilinx Debugger\Debugger.SchDoc with 74LVC1T45DW-7 from SamacSys.SchLib
Replace Symbol from U? 74LVC1T45DW-7 in D:\Projects\Xilinx Debugger\Debugger.SchDoc with 74LVC1T45DW-7 from SamacSys.SchLib
Replace Symbol from U? 74LVC1T45DW-7 in D:\Projects\Xilinx Debugger\Debugger.SchDoc with 74LVC1T45DW-7 from SamacSys.SchLib
Replace Symbol from U? 74LVC1T45DW-7 in D:\Projects\Xilinx Debugger\Debugger.SchDoc with 74LVC1T45DW-7 from SamacSys.SchLib
Replace Symbol from USBC1 USB2.0_Type-C_16Pin in D:\Projects\Xilinx Debugger\Debugger.SchDoc with USB2.0_Type-C_16Pin from 0.6 - 电源_RJ45以太网_音频_SD-TF_SIM_ USB Type-C_HDMI插座.SchLib
Replace Symbol from X3 XTAL-4P in D:\Projects\Xilinx Debugger\Debugger.SchDoc with XTAL-4P from 0.1 - 电阻-电容-电感-晶振-晶体-磁珠-电位器-法拉电容-馈通电容.SchLib
