Added Component: Designator=U2(LQFP-64_N)
Add component (AddParameter): Name = "ComponentLink1Description"; Value = "Manufacturer URL"; VariantName = "[No Variations]"
Add component (AddParameter): Name = "ComponentLink1URL"; Value = "http://www.ftdichip.com/"; VariantName = "[No Variations]"
Add component (AddParameter): Name = "ComponentLink2Description"; Value = "Datasheet"; VariantName = "[No Variations]"
Add component (AddParameter): Name = "ComponentLink2URL"; Value = "http://www.ftdichip.com/Support/Documents/DataSheets/ICs/DS_FT2232H.pdf"; VariantName = "[No Variations]"
Add component (AddParameter): Name = "DatasheetVersion"; Value = "ver 2.21, Jun-2012"; VariantName = "[No Variations]"
Add component (AddParameter): Name = "Manufacturer"; Value = "FTDI"; VariantName = "[No Variations]"
Add component (AddParameter): Name = "PackageDescription"; Value = "64-Pin Thin Quad Flat Pack, 10 x 10 x 1.4 mm Body, 0.5 mm Pitch"; VariantName = "[No Variations]"
Add component (AddParameter): Name = "PackageReference"; Value = "LQFP-64"; VariantName = "[No Variations]"
Add component (AddParameter): Name = "PackageVersion"; Value = "Jun-12"; VariantName = "[No Variations]"
Add component (AddParameter): Name = "PartNumber"; Value = "FT2232HL-Reel"; VariantName = "[No Variations]"
Add component (AddParameter): Name = "RevisionNote"; Value = "DatasheetVersion updated to 2.21 Jun-2012"; VariantName = "[No Variations]"
Added Pin To Net: NetName=GND Pin=U2-1
Added Pin To Net: NetName=NetC18_2 Pin=U2-2
Added Pin To Net: NetName=NetC19_2 Pin=U2-3
Added Pin To Net: NetName=3V3 Pin=U2-4
Added Pin To Net: NetName=GND Pin=U2-5
Added Pin To Net: NetName=NetR5_2 Pin=U2-6
Added Pin To Net: NetName=USB_D_N Pin=U2-7
Added Pin To Net: NetName=USB_D_P Pin=U2-8
Added Pin To Net: NetName=3V3 Pin=U2-9
Added Pin To Net: NetName=GND Pin=U2-10
Added Pin To Net: NetName=GND Pin=U2-11
Added Pin To Net: NetName=VCORE_FT Pin=U2-12
Added Pin To Net: NetName=GND Pin=U2-13
Added Pin To Net: NetName=NetQ1_3 Pin=U2-14
Added Pin To Net: NetName=GND Pin=U2-15
Added Pin To Net: NetName=JTAG_TCK Pin=U2-16
Added Pin To Net: NetName=JTAG_TDI Pin=U2-17
Added Pin To Net: NetName=JTAG_TDO Pin=U2-18
Added Pin To Net: NetName=JTAG_TMS Pin=U2-19
Added Pin To Net: NetName=3V3 Pin=U2-20
Added Pin To Net: NetName=GND Pin=U2-25
Added Pin To Net: NetName=3V3 Pin=U2-31
Added Pin To Net: NetName=GND Pin=U2-35
Added Pin To Net: NetName=VCORE_FT Pin=U2-37
Added Pin To Net: NetName=NetR4_2 Pin=U2-38
Added Pin To Net: NetName=UART0_TX Pin=U2-39
Added Pin To Net: NetName=3V3 Pin=U2-42
Added Pin To Net: NetName=GND Pin=U2-47
Added Pin To Net: NetName=VCORE_FT Pin=U2-49
Added Pin To Net: NetName=3V3 Pin=U2-50
Added Pin To Net: NetName=GND Pin=U2-51
Added Pin To Net: NetName=3V3 Pin=U2-56
Added Pin To Net: NetName=VCORE_FT Pin=U2-64
Added Member To Class: ClassName=Debugger Member=Component U2 FT2232HL-Reel
