Added Component: Designator=JP?(XH2.54-LI-6P)
Add component (AddParameter): Name = "BOM名称"; Value = "6P接插件"; VariantName = "[No Variations]"
Add component (AddParameter): Name = "封装库来自淘宝卖家ID:黄晶宝石"; Value = "其他店铺购入均为盗版假冒封装库，请立即申请退款，本店现金奖励20~200元"; VariantName = "[No Variations]"
Add component (AddParameter): Name = "联系卖家，免费查找封装"; Value = "唯一出售店铺网址https://shop463601444.taobao.com"; VariantName = "[No Variations]"
Added Component: Designator=R?(R0603_L)
Add component (AddParameter): Name = "BOM名称"; Value = "贴片电阻"; VariantName = "[No Variations]"
Add component (AddParameter): Name = "联系卖家，免费查找封装"; Value = "唯一出售店铺网址https://shop463601444.taobao.com"; VariantName = "[No Variations]"
Added Component: Designator=R?(R0603_L)
Add component (AddParameter): Name = "BOM名称"; Value = "贴片电阻"; VariantName = "[No Variations]"
Add component (AddParameter): Name = "联系卖家，免费查找封装"; Value = "唯一出售店铺网址https://shop463601444.taobao.com"; VariantName = "[No Variations]"
Added Pin To Net: NetName=GND Pin=JP?-2
Added Pin To Net: NetName=JTAG_TCK Pin=JP?-3
Added Pin To Net: NetName=JTAG_TDI Pin=JP?-4
Added Pin To Net: NetName=JTAG_TDO Pin=JP?-5
Added Pin To Net: NetName=JTAG_TMS Pin=JP?-6
Added Pin To Net: NetName=3V3 Pin=R?-2
Added Pin To Net: NetName=V_BUS Pin=R?-2
Added Pin To Net: NetName=NetJP?_1 Pin=JP?-1
Added Pin To Net: NetName=NetJP?_1 Pin=R?-1
Added Pin To Net: NetName=NetJP?_1 Pin=R?-1
Added Net: Name=NetJP?_1
Added Member To Class: ClassName=Debugger Member=Component JP? HDR-1X4
Added Member To Class: ClassName=Debugger Member=Component R? 0
Added Member To Class: ClassName=Debugger Member=Component R? 0
